D:\Microsoft Visual Studio\2019\Community\MSBuild\Microsoft\VC\v160\Microsoft.CppBuild.targets(452,5): warning MSB8028: The intermediate directory (Debug\) contains files shared from another project (Курсова робота програмач(1 курс 2 семестр).vcxproj).  This can lead to incorrect clean and rebuild behavior.
  Actors.cpp
  Bufet.cpp
  Date.cpp
F:\Users\DHPC\Робочий стіл\Курсова робота програмач(1 курс 2 семестр)\Курсова робота програмач(1 курс 2 семестр)\Date.cpp(60,21): warning C4018: <: несоответствие типов со знаком и без знака
F:\Users\DHPC\Робочий стіл\Курсова робота програмач(1 курс 2 семестр)\Курсова робота програмач(1 курс 2 семестр)\Date.cpp(76,21): warning C4018: <: несоответствие типов со знаком и без знака
  Genre.cpp
  Main.cpp
F:\Users\DHPC\Робочий стіл\Курсова робота програмач(1 курс 2 семестр)\Курсова робота програмач(1 курс 2 семестр)\Date.cpp(92,21): warning C4018: <: несоответствие типов со знаком и без знака
F:\Users\DHPC\Робочий стіл\Курсова робота програмач(1 курс 2 семестр)\Курсова робота програмач(1 курс 2 семестр)\Main.cpp(104,14): warning C4838: преобразование из "int" в "SHORT" требует сужающего преобразования
F:\Users\DHPC\Робочий стіл\Курсова робота програмач(1 курс 2 семестр)\Курсова робота програмач(1 курс 2 семестр)\Main.cpp(104,17): warning C4838: преобразование из "int" в "SHORT" требует сужающего преобразования
F:\Users\DHPC\Робочий стіл\Курсова робота програмач(1 курс 2 семестр)\Курсова робота програмач(1 курс 2 семестр)\Main.cpp(109,20): warning C4838: преобразование из "int" в "SHORT" требует сужающего преобразования
  Places.cpp
  Spectacl.cpp
F:\Users\DHPC\Робочий стіл\Курсова робота програмач(1 курс 2 семестр)\Курсова робота програмач(1 курс 2 семестр)\Main.cpp(109,23): warning C4838: преобразование из "int" в "SHORT" требует сужающего преобразования
F:\Users\DHPC\Робочий стіл\Курсова робота програмач(1 курс 2 семестр)\Курсова робота програмач(1 курс 2 семестр)\Spectacl.cpp(59,22): warning C4018: <: несоответствие типов со знаком и без знака
F:\Users\DHPC\Робочий стіл\Курсова робота програмач(1 курс 2 семестр)\Курсова робота програмач(1 курс 2 семестр)\Spectacl.cpp(65,22): warning C4018: <: несоответствие типов со знаком и без знака
F:\Users\DHPC\Робочий стіл\Курсова робота програмач(1 курс 2 семестр)\Курсова робота програмач(1 курс 2 семестр)\Spectacl.cpp(76,22): warning C4018: <: несоответствие типов со знаком и без знака
F:\Users\DHPC\Робочий стіл\Курсова робота програмач(1 курс 2 семестр)\Курсова робота програмач(1 курс 2 семестр)\Spectacl.cpp(82,22): warning C4018: <: несоответствие типов со знаком и без знака
F:\Users\DHPC\Робочий стіл\Курсова робота програмач(1 курс 2 семестр)\Курсова робота програмач(1 курс 2 семестр)\Spectacl.cpp(93,22): warning C4018: <: несоответствие типов со знаком и без знака
  Theater.cpp
  Tickets.cpp
  Visitor.cpp
  Создание кода...
F:\Users\DHPC\Робочий стіл\Курсова робота програмач(1 курс 2 семестр)\Курсова робота програмач(1 курс 2 семестр)\Spectacl.cpp(99,22): warning C4018: <: несоответствие типов со знаком и без знака
F:\Users\DHPC\Робочий стіл\Курсова робота програмач(1 курс 2 семестр)\Курсова робота програмач(1 курс 2 семестр)\Visitor.cpp(90): warning C4715: Visitor::enterpass: значение возвращается не при всех путях выполнения
F:\Users\DHPC\Робочий стіл\Курсова робота програмач(1 курс 2 семестр)\Курсова робота програмач(1 курс 2 семестр)\Visitor.cpp(64): warning C4715: Visitor::buy_tickets: значение возвращается не при всех путях выполнения
F:\Users\DHPC\Робочий стіл\Курсова робота програмач(1 курс 2 семестр)\Курсова робота програмач(1 курс 2 семестр)\Spectacl.cpp(274): warning C4715: Spectacl::check_tickets: значение возвращается не при всех путях выполнения
F:\Users\DHPC\Робочий стіл\Курсова робота програмач(1 курс 2 семестр)\Курсова робота програмач(1 курс 2 семестр)\Spectacl.cpp(236): warning C4715: Spectacl::show_spectacl: значение возвращается не при всех путях выполнения
F:\Users\DHPC\Робочий стіл\Курсова робота програмач(1 курс 2 семестр)\Курсова робота програмач(1 курс 2 семестр)\Bufet.cpp(70): warning C4715: Bufet::buy_food: значение возвращается не при всех путях выполнения
  Курсова робота програмач(1 курс 2 семестр).vcxproj -> F:\Users\DHPC\Робочий стіл\Курсова робота програмач(1 курс 2 семестр)\Debug\Курсова_Театр.exe
