c:\users\andy\source\repos\курсова робота програмач(1 курс 2 семестр)\курсова робота програмач(1 курс 2 семестр)\debug\vc141.pdb
c:\users\andy\source\repos\курсова робота програмач(1 курс 2 семестр)\курсова робота програмач(1 курс 2 семестр)\debug\vc141.idb
c:\users\andy\source\repos\курсова робота програмач(1 курс 2 семестр)\курсова робота програмач(1 курс 2 семестр)\debug\tickets.obj
c:\users\andy\source\repos\курсова робота програмач(1 курс 2 семестр)\курсова робота програмач(1 курс 2 семестр)\debug\theater.obj
c:\users\andy\source\repos\курсова робота програмач(1 курс 2 семестр)\курсова робота програмач(1 курс 2 семестр)\debug\spectacl.obj
c:\users\andy\source\repos\курсова робота програмач(1 курс 2 семестр)\курсова робота програмач(1 курс 2 семестр)\debug\places.obj
c:\users\andy\source\repos\курсова робота програмач(1 курс 2 семестр)\курсова робота програмач(1 курс 2 семестр)\debug\main.obj
c:\users\andy\source\repos\курсова робота програмач(1 курс 2 семестр)\курсова робота програмач(1 курс 2 семестр)\debug\date.obj
c:\users\andy\source\repos\курсова робота програмач(1 курс 2 семестр)\курсова робота програмач(1 курс 2 семестр)\debug\actors.obj
c:\users\andy\source\repos\курсова робота програмач(1 курс 2 семестр)\курсова робота програмач(1 курс 2 семестр)\debug\jenre.obj
c:\users\andy\source\repos\курсова робота програмач(1 курс 2 семестр)\курсова робота програмач(1 курс 2 семестр)\debug\genre.obj
c:\users\andy\source\repos\курсова робота програмач(1 курс 2 семестр)\debug\курсова робота програмач(1 курс 2 семестр).exe
c:\users\andy\source\repos\курсова робота програмач(1 курс 2 семестр)\debug\курсова робота програмач(1 курс 2 семестр).ilk
c:\users\andy\source\repos\курсова робота програмач(1 курс 2 семестр)\debug\курсова робота програмач(1 курс 2 семестр).pdb
c:\users\andy\source\repos\курсова робота програмач(1 курс 2 семестр)\курсова робота програмач(1 курс 2 семестр)\debug\курсова .cdd3ce4f.tlog\cl.command.1.tlog
c:\users\andy\source\repos\курсова робота програмач(1 курс 2 семестр)\курсова робота програмач(1 курс 2 семестр)\debug\курсова .cdd3ce4f.tlog\cl.read.1.tlog
c:\users\andy\source\repos\курсова робота програмач(1 курс 2 семестр)\курсова робота програмач(1 курс 2 семестр)\debug\курсова .cdd3ce4f.tlog\cl.write.1.tlog
c:\users\andy\source\repos\курсова робота програмач(1 курс 2 семестр)\курсова робота програмач(1 курс 2 семестр)\debug\курсова .cdd3ce4f.tlog\link.command.1.tlog
c:\users\andy\source\repos\курсова робота програмач(1 курс 2 семестр)\курсова робота програмач(1 курс 2 семестр)\debug\курсова .cdd3ce4f.tlog\link.read.1.tlog
c:\users\andy\source\repos\курсова робота програмач(1 курс 2 семестр)\курсова робота програмач(1 курс 2 семестр)\debug\курсова .cdd3ce4f.tlog\link.write.1.tlog
